<?xml version="1.0" encoding="UTF-8"?>
<!-- Generated by org.testng.reporters.JUnitXMLReporter -->
<testsuite hostname="DESKTOP-2RBEILO" ignored="0" name="Google Test" tests="1" failures="1" timestamp="17 May 2022 04:46:22 GMT" time="7.697" errors="0">
  <testcase name="GoogleTest" time="7.694" classname="sample1.GoogleTest">
    <failure type="java.lang.ArithmeticException" message="/ by zero">
      <![CDATA[java.lang.ArithmeticException: / by zero
	at sample1.GoogleTest.GoogleTest(GoogleTest.java:32)
... Removed 28 stack frames]]>
    </failure>
  </testcase> <!-- GoogleTest -->
</testsuite> <!-- Google Test -->
